<?xml version="1.0" encoding="UTF-8"?>
<!-- Generated by org.testng.reporters.JUnitXMLReporter -->
<testsuite hostname="DESKTOP-HSLMIQI" ignored="0" name="OrangeHRM Test" tests="3" failures="0" timestamp="30 Apr 2020 16:19:07 GMT" time="0.108" errors="0">
  <testcase name="@BeforeSuite launchApp" time="0.0" classname="testCases.LoginTest">
    <failure type="org.testng.TestNGException" message="
Parameter &amp;apos;URL&amp;apos; is required by BeforeSuite on method launchApp but has not been marked @Optional or defined
in E:\MavenTest\OrangeHRMwithTestNG\testNG.xml">
      <![CDATA[org.testng.TestNGException: 
Parameter 'URL' is required by BeforeSuite on method launchApp but has not been marked @Optional or defined
in E:\MavenTest\OrangeHRMwithTestNG\testNG.xml
at org.testng.internal.Parameters.createParams(Parameters.java:290)
at org.testng.internal.Parameters.createParametersForMethod(Parameters.java:359)
at org.testng.internal.Parameters.createParameters(Parameters.java:620)
at org.testng.internal.Parameters.createConfigurationParameters(Parameters.java:190)
at org.testng.internal.Invoker.invokeConfigurations(Invoker.java:209)
at org.testng.internal.Invoker.invokeConfigurations(Invoker.java:142)
at org.testng.SuiteRunner.privateRun(SuiteRunner.java:401)
at org.testng.SuiteRunner.run(SuiteRunner.java:364)
at org.testng.SuiteRunnerWorker.runSuite(SuiteRunnerWorker.java:52)
at org.testng.SuiteRunnerWorker.run(SuiteRunnerWorker.java:84)
at org.testng.TestNG.runSuitesSequentially(TestNG.java:1208)
at org.testng.TestNG.runSuitesLocally(TestNG.java:1137)
at org.testng.TestNG.runSuites(TestNG.java:1049)
at org.testng.TestNG.run(TestNG.java:1017)
at org.testng.remote.AbstractRemoteTestNG.run(AbstractRemoteTestNG.java:114)
at org.testng.remote.RemoteTestNG.initAndRun(RemoteTestNG.java:251)
at org.testng.remote.RemoteTestNG.main(RemoteTestNG.java:77)
]]>
    </failure>
  </testcase> <!-- @BeforeSuite launchApp -->
  <testcase name="login" time="0.0" classname="testCases.LoginTest">
    <skipped/>
  </testcase> <!-- login -->
  <testcase name="addEmp" time="0.0" classname="testCases.AddUser">
    <skipped/>
  </testcase> <!-- addEmp -->
  <testcase name="deleteUser" time="0.0" classname="testCases.DeleteUser">
    <skipped/>
  </testcase> <!-- deleteUser -->
</testsuite> <!-- OrangeHRM Test -->
