<?xml version="1.0" encoding="UTF-8"?>
<!-- Generated by org.testng.reporters.JUnitReportReporter -->
<testsuite skipped="0" hostname="DESKTOP-HSLMIQI" name="testCases.AddUser" tests="2" failures="0" timestamp="25 May 2020 17:14:13 GMT" time="10.327" errors="1">
  <testcase name="login" time="0.000" classname="testCases.AddUser">
    <error type="org.testng.TestNGException" message="
Parameter &#039;UserName&#039; is required by @Test on method login but has not been marked @Optional or defined
in C:\Users\lenovo\git\OrangeHRMwithTestNG\OrangeHRMwithTestNG\testNG.xml">
      <![CDATA[org.testng.TestNGException: 
Parameter 'UserName' is required by @Test on method login but has not been marked @Optional or defined
in C:\Users\lenovo\git\OrangeHRMwithTestNG\OrangeHRMwithTestNG\testNG.xml
at org.testng.internal.Parameters.createParams(Parameters.java:290)
at org.testng.internal.Parameters.createParametersForMethod(Parameters.java:359)
at org.testng.internal.Parameters.createParameters(Parameters.java:620)
at org.testng.internal.Parameters.handleParameters(Parameters.java:769)
at org.testng.internal.ParameterHandler.handleParameters(ParameterHandler.java:49)
at org.testng.internal.ParameterHandler.createParameters(ParameterHandler.java:37)
at org.testng.internal.Invoker.invokeTestMethods(Invoker.java:924)
at org.testng.internal.TestMethodWorker.invokeTestMethods(TestMethodWorker.java:125)
at org.testng.internal.TestMethodWorker.run(TestMethodWorker.java:109)
at java.util.concurrent.ThreadPoolExecutor.runWorker(Unknown Source)
at java.util.concurrent.ThreadPoolExecutor$Worker.run(Unknown Source)
at java.lang.Thread.run(Unknown Source)
]]>
    </error>
  </testcase> <!-- login -->
  <testcase name="addEmp" time="10.327" classname="testCases.AddUser"/>
</testsuite> <!-- testCases.AddUser -->
